Compiling the C compiler identification source file "CMakeCCompilerId.c" failed.
Compiler: C:/Program Files (x86)/Microsoft Azure Sphere SDK/Sysroots/12/tools/gcc/arm-poky-linux-musleabi-gcc.exe 
Build flags: -B;"C:/Program;Files;(x86)/Microsoft;Azure;Sphere;SDK/Sysroots/12/tools/gcc";-march=armv7ve;-mthumb;-mfpu=neon-vfpv4;-mfloat-abi=hard;-mcpu=cortex-a7;--sysroot="C:/Program;Files;(x86)/Microsoft;Azure;Sphere;SDK/Sysroots/12"
Id flags:  

The output was:
1
arm-poky-linux-musleabi-gcc.exe: error: Files: No such file or directory
arm-poky-linux-musleabi-gcc.exe: error: (x86)/Microsoft: No such file or directory
arm-poky-linux-musleabi-gcc.exe: error: Azure: No such file or directory
arm-poky-linux-musleabi-gcc.exe: error: Sphere: No such file or directory
arm-poky-linux-musleabi-gcc.exe: error: SDK/Sysroots/12/tools/gcc": No such file or directory
arm-poky-linux-musleabi-gcc.exe: error: Files: No such file or directory
arm-poky-linux-musleabi-gcc.exe: error: (x86)/Microsoft: No such file or directory
arm-poky-linux-musleabi-gcc.exe: error: Azure: No such file or directory
arm-poky-linux-musleabi-gcc.exe: error: Sphere: No such file or directory
arm-poky-linux-musleabi-gcc.exe: error: SDK/Sysroots/12": No such file or directory


Compiling the C compiler identification source file "CMakeCCompilerId.c" failed.
Compiler: C:/Program Files (x86)/Microsoft Azure Sphere SDK/Sysroots/12/tools/gcc/arm-poky-linux-musleabi-gcc.exe 
Build flags: -B;"C:/Program;Files;(x86)/Microsoft;Azure;Sphere;SDK/Sysroots/12/tools/gcc";-march=armv7ve;-mthumb;-mfpu=neon-vfpv4;-mfloat-abi=hard;-mcpu=cortex-a7;--sysroot="C:/Program;Files;(x86)/Microsoft;Azure;Sphere;SDK/Sysroots/12"
Id flags: -c 

The output was:
1
arm-poky-linux-musleabi-gcc.exe: error: Files: No such file or directory
arm-poky-linux-musleabi-gcc.exe: error: (x86)/Microsoft: No such file or directory
arm-poky-linux-musleabi-gcc.exe: error: Azure: No such file or directory
arm-poky-linux-musleabi-gcc.exe: error: Sphere: No such file or directory
arm-poky-linux-musleabi-gcc.exe: error: SDK/Sysroots/12/tools/gcc": No such file or directory
arm-poky-linux-musleabi-gcc.exe: error: Files: No such file or directory
arm-poky-linux-musleabi-gcc.exe: error: (x86)/Microsoft: No such file or directory
arm-poky-linux-musleabi-gcc.exe: error: Azure: No such file or directory
arm-poky-linux-musleabi-gcc.exe: error: Sphere: No such file or directory
arm-poky-linux-musleabi-gcc.exe: error: SDK/Sysroots/12": No such file or directory


Compiling the C compiler identification source file "CMakeCCompilerId.c" failed.
Compiler: C:/Program Files (x86)/Microsoft Azure Sphere SDK/Sysroots/12/tools/gcc/arm-poky-linux-musleabi-gcc.exe 
Build flags: -B;"C:/Program;Files;(x86)/Microsoft;Azure;Sphere;SDK/Sysroots/12/tools/gcc";-march=armv7ve;-mthumb;-mfpu=neon-vfpv4;-mfloat-abi=hard;-mcpu=cortex-a7;--sysroot="C:/Program;Files;(x86)/Microsoft;Azure;Sphere;SDK/Sysroots/12"
Id flags: -Aa 

The output was:
1
arm-poky-linux-musleabi-gcc.exe: error: Files: No such file or directory
arm-poky-linux-musleabi-gcc.exe: error: (x86)/Microsoft: No such file or directory
arm-poky-linux-musleabi-gcc.exe: error: Azure: No such file or directory
arm-poky-linux-musleabi-gcc.exe: error: Sphere: No such file or directory
arm-poky-linux-musleabi-gcc.exe: error: SDK/Sysroots/12/tools/gcc": No such file or directory
arm-poky-linux-musleabi-gcc.exe: error: Files: No such file or directory
arm-poky-linux-musleabi-gcc.exe: error: (x86)/Microsoft: No such file or directory
arm-poky-linux-musleabi-gcc.exe: error: Azure: No such file or directory
arm-poky-linux-musleabi-gcc.exe: error: Sphere: No such file or directory
arm-poky-linux-musleabi-gcc.exe: error: SDK/Sysroots/12": No such file or directory


Compiling the C compiler identification source file "CMakeCCompilerId.c" failed.
Compiler: C:/Program Files (x86)/Microsoft Azure Sphere SDK/Sysroots/12/tools/gcc/arm-poky-linux-musleabi-gcc.exe 
Build flags: -B;"C:/Program;Files;(x86)/Microsoft;Azure;Sphere;SDK/Sysroots/12/tools/gcc";-march=armv7ve;-mthumb;-mfpu=neon-vfpv4;-mfloat-abi=hard;-mcpu=cortex-a7;--sysroot="C:/Program;Files;(x86)/Microsoft;Azure;Sphere;SDK/Sysroots/12"
Id flags: -D__CLASSIC_C__ 

The output was:
1
arm-poky-linux-musleabi-gcc.exe: error: Files: No such file or directory
arm-poky-linux-musleabi-gcc.exe: error: (x86)/Microsoft: No such file or directory
arm-poky-linux-musleabi-gcc.exe: error: Azure: No such file or directory
arm-poky-linux-musleabi-gcc.exe: error: Sphere: No such file or directory
arm-poky-linux-musleabi-gcc.exe: error: SDK/Sysroots/12/tools/gcc": No such file or directory
arm-poky-linux-musleabi-gcc.exe: error: Files: No such file or directory
arm-poky-linux-musleabi-gcc.exe: error: (x86)/Microsoft: No such file or directory
arm-poky-linux-musleabi-gcc.exe: error: Azure: No such file or directory
arm-poky-linux-musleabi-gcc.exe: error: Sphere: No such file or directory
arm-poky-linux-musleabi-gcc.exe: error: SDK/Sysroots/12": No such file or directory


Compiling the C compiler identification source file "CMakeCCompilerId.c" failed.
Compiler: C:/Program Files (x86)/Microsoft Azure Sphere SDK/Sysroots/12/tools/gcc/arm-poky-linux-musleabi-gcc.exe 
Build flags: -B;"C:/Program;Files;(x86)/Microsoft;Azure;Sphere;SDK/Sysroots/12/tools/gcc";-march=armv7ve;-mthumb;-mfpu=neon-vfpv4;-mfloat-abi=hard;-mcpu=cortex-a7;--sysroot="C:/Program;Files;(x86)/Microsoft;Azure;Sphere;SDK/Sysroots/12"
Id flags: --target=arm-arm-none-eabi;-mcpu=cortex-m3 

The output was:
1
arm-poky-linux-musleabi-gcc.exe: error: Files: No such file or directory
arm-poky-linux-musleabi-gcc.exe: error: (x86)/Microsoft: No such file or directory
arm-poky-linux-musleabi-gcc.exe: error: Azure: No such file or directory
arm-poky-linux-musleabi-gcc.exe: error: Sphere: No such file or directory
arm-poky-linux-musleabi-gcc.exe: error: SDK/Sysroots/12/tools/gcc": No such file or directory
arm-poky-linux-musleabi-gcc.exe: error: Files: No such file or directory
arm-poky-linux-musleabi-gcc.exe: error: (x86)/Microsoft: No such file or directory
arm-poky-linux-musleabi-gcc.exe: error: Azure: No such file or directory
arm-poky-linux-musleabi-gcc.exe: error: Sphere: No such file or directory
arm-poky-linux-musleabi-gcc.exe: error: SDK/Sysroots/12": No such file or directory
arm-poky-linux-musleabi-gcc.exe: error: unrecognized command line option '--target=arm-arm-none-eabi'


Compiling the C compiler identification source file "CMakeCCompilerId.c" failed.
Compiler: C:/Program Files (x86)/Microsoft Azure Sphere SDK/Sysroots/12/tools/gcc/arm-poky-linux-musleabi-gcc.exe 
Build flags: -B;"C:/Program;Files;(x86)/Microsoft;Azure;Sphere;SDK/Sysroots/12/tools/gcc";-march=armv7ve;-mthumb;-mfpu=neon-vfpv4;-mfloat-abi=hard;-mcpu=cortex-a7;--sysroot="C:/Program;Files;(x86)/Microsoft;Azure;Sphere;SDK/Sysroots/12"
Id flags: -c;-I__does_not_exist__ 

The output was:
1
arm-poky-linux-musleabi-gcc.exe: error: Files: No such file or directory
arm-poky-linux-musleabi-gcc.exe: error: (x86)/Microsoft: No such file or directory
arm-poky-linux-musleabi-gcc.exe: error: Azure: No such file or directory
arm-poky-linux-musleabi-gcc.exe: error: Sphere: No such file or directory
arm-poky-linux-musleabi-gcc.exe: error: SDK/Sysroots/12/tools/gcc": No such file or directory
arm-poky-linux-musleabi-gcc.exe: error: Files: No such file or directory
arm-poky-linux-musleabi-gcc.exe: error: (x86)/Microsoft: No such file or directory
arm-poky-linux-musleabi-gcc.exe: error: Azure: No such file or directory
arm-poky-linux-musleabi-gcc.exe: error: Sphere: No such file or directory
arm-poky-linux-musleabi-gcc.exe: error: SDK/Sysroots/12": No such file or directory


Compiling the C compiler identification source file "CMakeCCompilerId.c" failed.
Compiler: C:/Program Files (x86)/Microsoft Azure Sphere SDK/Sysroots/12/tools/gcc/arm-poky-linux-musleabi-gcc.exe 
Build flags: 
Id flags:  

The output was:
1
arm-poky-linux-musleabi-gcc.exe: fatal error: '-fuse-linker-plugin', but liblto_plugin-0.dll not found
compilation terminated.


